<?xml version="1.0" encoding="utf-8"?><testsuites name="pytest tests"><testsuite name="pytest" errors="0" failures="0" skipped="0" tests="16" time="4.327" timestamp="2026-04-24T21:13:13.793443+00:00" hostname="agent-env-52f13f67-51f9-4506-aad7-91506abceb2a"><testcase classname="tests.test_browsers_api.TestBrowsersCRUD" name="test_list_has_default_seed" time="0.192" /><testcase classname="tests.test_browsers_api.TestBrowsersCRUD" name="test_create_update_flip_default_delete" time="0.553" /><testcase classname="tests.test_browsers_api.TestBrowsersCRUD" name="test_patch_missing_returns_404" time="0.070" /><testcase classname="tests.test_browsers_api.TestBrowsersCRUD" name="test_delete_missing_returns_404" time="0.047" /><testcase classname="tests.test_browsers_api.TestBrowserConnectLifecycle" name="test_connect_returns_200_with_connected_false" time="1.448" /><testcase classname="tests.test_browsers_api.TestBrowserConnectLifecycle" name="test_disconnect_returns_200_when_nothing_connected" time="0.159" /><testcase classname="tests.test_browsers_api.TestBrowserConnectLifecycle" name="test_launch_returns_404_not_500" time="0.166" /><testcase classname="tests.test_browsers_api.TestBrowserConnectLifecycle" name="test_launch_unknown_id_returns_404" time="0.051" /><testcase classname="tests.test_browsers_api.TestBrowserIdPropagation" name="test_watch_persists_browser_id" time="0.240" /><testcase classname="tests.test_browsers_api.TestBrowserIdPropagation" name="test_drops_persists_browser_id" time="0.225" /><testcase classname="tests.test_browsers_api.TestStatusBrowsers" name="test_status_has_browsers_key" time="0.053" /><testcase classname="tests.test_browsers_api.TestLegacyBraveConnectSync" name="test_legacy_connect_writes_cdp_to_default_row" time="0.167" /><testcase classname="tests.test_browsers_api.TestLegacyRegression" name="test_meta_sites" time="0.049" /><testcase classname="tests.test_browsers_api.TestLegacyRegression" name="test_profiles_crud" time="0.175" /><testcase classname="tests.test_browsers_api.TestLegacyRegression" name="test_settings_patch_roundtrip" time="0.172" /><testcase classname="tests.test_browsers_api.TestLegacyRegression" name="test_watch_start_stop_no_crash" time="0.268" /></testsuite></testsuites>