<?xml version="1.0" encoding="utf-8"?><testsuites name="pytest tests"><testsuite name="pytest" errors="0" failures="0" skipped="0" tests="55" time="4.590" timestamp="2026-04-24T21:13:22.213308+00:00" hostname="agent-env-52f13f67-51f9-4506-aad7-91506abceb2a"><testcase classname="tests.test_browsers_api.TestBrowsersCRUD" name="test_list_has_default_seed" time="0.179" /><testcase classname="tests.test_browsers_api.TestBrowsersCRUD" name="test_create_update_flip_default_delete" time="0.516" /><testcase classname="tests.test_browsers_api.TestBrowsersCRUD" name="test_patch_missing_returns_404" time="0.049" /><testcase classname="tests.test_browsers_api.TestBrowsersCRUD" name="test_delete_missing_returns_404" time="0.048" /><testcase classname="tests.test_browsers_api.TestBrowserConnectLifecycle" name="test_connect_returns_200_with_connected_false" time="0.184" /><testcase classname="tests.test_browsers_api.TestBrowserConnectLifecycle" name="test_disconnect_returns_200_when_nothing_connected" time="0.173" /><testcase classname="tests.test_browsers_api.TestBrowserConnectLifecycle" name="test_launch_returns_404_not_500" time="0.170" /><testcase classname="tests.test_browsers_api.TestBrowserConnectLifecycle" name="test_launch_unknown_id_returns_404" time="0.051" /><testcase classname="tests.test_browsers_api.TestBrowserIdPropagation" name="test_watch_persists_browser_id" time="0.234" /><testcase classname="tests.test_browsers_api.TestBrowserIdPropagation" name="test_drops_persists_browser_id" time="0.216" /><testcase classname="tests.test_browsers_api.TestStatusBrowsers" name="test_status_has_browsers_key" time="0.046" /><testcase classname="tests.test_browsers_api.TestLegacyBraveConnectSync" name="test_legacy_connect_writes_cdp_to_default_row" time="0.170" /><testcase classname="tests.test_browsers_api.TestLegacyRegression" name="test_meta_sites" time="0.048" /><testcase classname="tests.test_browsers_api.TestLegacyRegression" name="test_profiles_crud" time="0.170" /><testcase classname="tests.test_browsers_api.TestLegacyRegression" name="test_settings_patch_roundtrip" time="0.158" /><testcase classname="tests.test_browsers_api.TestLegacyRegression" name="test_watch_start_stop_no_crash" time="0.242" /><testcase classname="tests.test_engine_stop" name="test_stop_item_does_not_leak_cancelled_error" time="0.236" /><testcase classname="tests.test_engine_stop" name="test_stop_all_drains_drop_tasks" time="0.001" /><testcase classname="tests.test_selectors_scoping" name="test_every_retailer_has_selectors[walmart]" time="0.000" /><testcase classname="tests.test_selectors_scoping" name="test_every_retailer_has_selectors[pokemoncenter]" time="0.000" /><testcase classname="tests.test_selectors_scoping" name="test_every_retailer_has_selectors[amazon]" time="0.000" /><testcase classname="tests.test_selectors_scoping" name="test_every_retailer_has_selectors[target]" time="0.000" /><testcase classname="tests.test_selectors_scoping" name="test_every_retailer_has_selectors[bestbuy]" time="0.000" /><testcase classname="tests.test_selectors_scoping" name="test_every_retailer_has_selectors[gamestop]" time="0.000" /><testcase classname="tests.test_selectors_scoping" name="test_every_retailer_has_selectors[costco]" time="0.000" /><testcase classname="tests.test_selectors_scoping" name="test_every_retailer_has_selectors[samsclub]" time="0.000" /><testcase classname="tests.test_selectors_scoping" name="test_every_retailer_has_selectors[tcgplayer]" time="0.000" /><testcase classname="tests.test_selectors_scoping" name="test_no_generic_add_to_cart_fallback[walmart]" time="0.000" /><testcase classname="tests.test_selectors_scoping" name="test_no_generic_add_to_cart_fallback[pokemoncenter]" time="0.000" /><testcase classname="tests.test_selectors_scoping" name="test_no_generic_add_to_cart_fallback[amazon]" time="0.000" /><testcase classname="tests.test_selectors_scoping" name="test_no_generic_add_to_cart_fallback[target]" time="0.000" /><testcase classname="tests.test_selectors_scoping" name="test_no_generic_add_to_cart_fallback[bestbuy]" time="0.000" /><testcase classname="tests.test_selectors_scoping" name="test_no_generic_add_to_cart_fallback[gamestop]" time="0.000" /><testcase classname="tests.test_selectors_scoping" name="test_no_generic_add_to_cart_fallback[costco]" time="0.000" /><testcase classname="tests.test_selectors_scoping" name="test_no_generic_add_to_cart_fallback[samsclub]" time="0.000" /><testcase classname="tests.test_selectors_scoping" name="test_no_generic_add_to_cart_fallback[tcgplayer]" time="0.000" /><testcase classname="tests.test_selectors_scoping" name="test_has_text_selectors_are_scoped[walmart]" time="0.000" /><testcase classname="tests.test_selectors_scoping" name="test_has_text_selectors_are_scoped[pokemoncenter]" time="0.000" /><testcase classname="tests.test_selectors_scoping" name="test_has_text_selectors_are_scoped[amazon]" time="0.000" /><testcase classname="tests.test_selectors_scoping" name="test_has_text_selectors_are_scoped[target]" time="0.001" /><testcase classname="tests.test_selectors_scoping" name="test_has_text_selectors_are_scoped[bestbuy]" time="0.000" /><testcase classname="tests.test_selectors_scoping" name="test_has_text_selectors_are_scoped[gamestop]" time="0.000" /><testcase classname="tests.test_selectors_scoping" name="test_has_text_selectors_are_scoped[costco]" time="0.000" /><testcase classname="tests.test_selectors_scoping" name="test_has_text_selectors_are_scoped[samsclub]" time="0.000" /><testcase classname="tests.test_selectors_scoping" name="test_has_text_selectors_are_scoped[tcgplayer]" time="0.000" /><testcase classname="tests.test_selectors_scoping" name="test_target_does_not_use_bare_addtocart_testid" time="0.000" /><testcase classname="tests.test_tab_persistence" name="test_page_stays_open_on_successful_cart_add" time="0.001" /><testcase classname="tests.test_verify_atc_success" name="test_success_modal_confirms" time="0.000" /><testcase classname="tests.test_verify_atc_success" name="test_cart_count_increment_confirms" time="0.000" /><testcase classname="tests.test_verify_atc_success" name="test_unchanged_cart_and_no_modal_is_failure" time="0.802" /><testcase classname="tests.test_verify_atc_success" name="test_error_banner_short_circuits_to_failure" time="0.000" /><testcase classname="tests.test_verify_atc_success" name="test_badge_from_none_pre_click_requires_modal" time="0.802" /><testcase classname="tests.test_verify_atc_success" name="test_preorder_with_error_banner_does_not_false_confirm" time="0.000" /><testcase classname="tests.test_verify_atc_success" name="test_get_cart_count_returns_none_when_badge_hidden" time="0.000" /><testcase classname="tests.test_verify_atc_success" name="test_get_cart_count_parses_numeric_badge" time="0.000" /></testsuite></testsuites>